C51 COMPILER V9.54   IIC                                                                   04/08/2025 20:22:01 PAGE 1   


C51 COMPILER V9.54, COMPILATION OF MODULE IIC
OBJECT MODULE PLACED IN .\Objects\iic.obj
COMPILER INVOKED BY: D:\Software\keil5ARM\C51\BIN\C51.EXE ..\Diver\iic.c OPTIMIZE(8,SPEED) BROWSE INCDIR(..\Diver) DEBUG
                    - OBJECTEXTEND PRINT(.\Listings\iic.lst) TABS(2) OBJECT(.\Objects\iic.obj)

line level    source

   1          /*  #   I2Cä»£ç ç‰‡æ®µè¯´æ˜
   2            1.  æœ¬æ–‡ä»¶å¤¹ä¸­æä¾›çš„é©±åŠ¨ä»£ç ä¾›å‚èµ›é€‰æ‰‹å®Œæˆç¨‹åºè®¾è®¡å‚è€ƒã€‚
   3            2.  å‚èµ›é€‰æ‰‹å¯ä»¥è‡ªè¡Œç¼–å†™ç›¸å…³ä»£ç æˆ–ä»¥è¯¥ä»£ç ä¸ºåŸºç¡€ï¼Œæ ¹æ®æ‰€é€‰å•ç‰‡æœºç±»å‹ã€è¿
             -è¡Œé€Ÿåº¦å’Œè¯•é¢˜
   4              ä¸­å¯¹å•ç‰‡æœºæ—¶é’Ÿé¢‘ç‡çš„è¦æ±‚ï¼Œè¿›è¡Œä»£ç è°ƒè¯•å’Œä¿®æ”¹ã€‚
   5          */
   6          #include "iic.h"
   7          #include "intrins.h"
   8          #define DELAY_TIME  5
   9          sbit sda = P2^1;
  10          sbit scl = P2^0;
  11          
  12          //
  13          static void I2C_Delay(unsigned char n)
  14          {
  15   1          do
  16   1          {
  17   2              _nop_();_nop_();_nop_();_nop_();_nop_();
  18   2              _nop_();_nop_();_nop_();_nop_();_nop_();
  19   2              _nop_();_nop_();_nop_();_nop_();_nop_();    
  20   2          }
  21   1          while(n--);       
  22   1      }
  23          
  24          //
  25          void I2CStart()
  26          {
  27   1          sda = 1;
  28   1          scl = 1;
  29   1        I2C_Delay(DELAY_TIME);
  30   1          sda = 0;
  31   1        I2C_Delay(DELAY_TIME);
  32   1          scl = 0;    
  33   1      }
  34          
  35          //
  36          void I2CStop()
  37          {
  38   1          sda = 0;
  39   1          scl = 1;
  40   1        I2C_Delay(DELAY_TIME);
  41   1          sda = 1;
  42   1        I2C_Delay(DELAY_TIME);
  43   1      }
  44          
  45          //
  46          void I2CSendByte(unsigned char byt)
  47          {
  48   1          unsigned char i;
  49   1        
  50   1          for(i=0; i<8; i++){
  51   2              scl = 0;
  52   2          I2C_Delay(DELAY_TIME);
  53   2              if(byt & 0x80){
C51 COMPILER V9.54   IIC                                                                   04/08/2025 20:22:01 PAGE 2   

  54   3                  sda = 1;
  55   3              }
  56   2              else{
  57   3                  sda = 0;
  58   3              }
  59   2          I2C_Delay(DELAY_TIME);
  60   2              scl = 1;
  61   2              byt <<= 1;
  62   2          I2C_Delay(DELAY_TIME);
  63   2          }
  64   1        
  65   1          scl = 0;  
  66   1      }
  67          
  68          //
  69          unsigned char I2CReceiveByte()
  70          {
  71   1        unsigned char da;
  72   1        unsigned char i;
  73   1        for(i=0;i<8;i++){   
  74   2          scl = 1;
  75   2          I2C_Delay(DELAY_TIME);
  76   2          da <<= 1;
  77   2          if(sda) 
  78   2            da |= 0x01;
  79   2          scl = 0;
  80   2          I2C_Delay(DELAY_TIME);
  81   2        }
  82   1        return da;    
  83   1      }
  84          
  85          //
  86          unsigned char I2CWaitAck()
  87          {
  88   1        unsigned char ackbit;
  89   1        
  90   1          scl = 1;
  91   1        I2C_Delay(DELAY_TIME);
  92   1          ackbit = sda; 
  93   1          scl = 0;
  94   1        I2C_Delay(DELAY_TIME);
  95   1        
  96   1        return ackbit;
  97   1      }
  98          
  99          //
 100          void I2CSendAck(unsigned char ackbit)
 101          {
 102   1          scl = 0;
 103   1          sda = ackbit; 
 104   1        I2C_Delay(DELAY_TIME);
 105   1          scl = 1;
 106   1        I2C_Delay(DELAY_TIME);
 107   1          scl = 0; 
 108   1        sda = 1;
 109   1        I2C_Delay(DELAY_TIME);
 110   1      }
 111          
 112          unsigned char Ad_Read(unsigned char addr)
 113          {
 114   1        unsigned char temp;
 115   1        I2CStart();
C51 COMPILER V9.54   IIC                                                                   04/08/2025 20:22:01 PAGE 3   

 116   1        I2CSendByte(0X90);
 117   1        I2CWaitAck();
 118   1        I2CSendByte(addr);
 119   1        I2CWaitAck();
 120   1        
 121   1        I2CStart();
 122   1        I2CSendByte(0X91);
 123   1        I2CWaitAck();
 124   1        temp = I2CReceiveByte();
 125   1        
 126   1        I2CSendByte(1);
 127   1        I2CStop();
 128   1        
 129   1        return temp;
 130   1      }
 131          
 132          void Da_Send(unsigned char addr)
 133          {
 134   1        I2CStart();
 135   1        I2CSendByte(0X90);
 136   1        I2CWaitAck();
 137   1        I2CSendByte(0x41);
 138   1        I2CWaitAck();
 139   1        I2CSendByte(addr);
 140   1        I2CWaitAck();
 141   1        I2CStop();
 142   1      }
 143          


MODULE INFORMATION:   STATIC OVERLAYABLE
   CODE SIZE        =    237    ----
   CONSTANT SIZE    =   ----    ----
   XDATA SIZE       =   ----    ----
   PDATA SIZE       =   ----    ----
   DATA SIZE        =   ----    ----
   IDATA SIZE       =   ----    ----
   BIT SIZE         =   ----    ----
END OF MODULE INFORMATION.


C51 COMPILATION COMPLETE.  0 WARNING(S),  0 ERROR(S)
