C51 COMPILER V9.54   LED                                                                   04/08/2025 20:22:01 PAGE 1   


C51 COMPILER V9.54, COMPILATION OF MODULE LED
OBJECT MODULE PLACED IN .\Objects\Led.obj
COMPILER INVOKED BY: D:\Software\keil5ARM\C51\BIN\C51.EXE ..\Diver\Led.c OPTIMIZE(8,SPEED) BROWSE INCDIR(..\Diver) DEBUG
                    - OBJECTEXTEND PRINT(.\Listings\Led.lst) TABS(2) OBJECT(.\Objects\Led.obj)

line level    source

   1          #include <Led.H>
   2          
   3          //addr:是要亮哪个灯(0-7) enable:使能标志位,0不使能(熄灭) 1为使能(点亮)
   4          void Led_Disp(unsigned char addr, unsigned char enable)
   5          { 
   6   1        static unsigned char temp = 0x00;
   7   1        static unsigned char temp_old = 0xff;//记录上一次的状态，用于优化IO操作
   8   1        if(enable) 
   9   1          temp |= 0x01 << addr;
  10   1        else  
  11   1          temp &= ~(0x01 << addr);
  12   1        if(temp != temp_old)
  13   1        { 
  14   2          P0 = ~temp;
  15   2          P2 = P2 & 0X1F | 0X80;
  16   2          P2 &= 0X1F;
  17   2          temp_old = temp;    
  18   2        }
  19   1      }


MODULE INFORMATION:   STATIC OVERLAYABLE
   CODE SIZE        =     58    ----
   CONSTANT SIZE    =   ----    ----
   XDATA SIZE       =   ----    ----
   PDATA SIZE       =   ----    ----
   DATA SIZE        =      2    ----
   IDATA SIZE       =   ----    ----
   BIT SIZE         =   ----    ----
END OF MODULE INFORMATION.


C51 COMPILATION COMPLETE.  0 WARNING(S),  0 ERROR(S)
