C51 COMPILER V9.54   DS1302                                                                05/10/2025 16:54:12 PAGE 1   


C51 COMPILER V9.54, COMPILATION OF MODULE DS1302
OBJECT MODULE PLACED IN .\Objects\ds1302.obj
COMPILER INVOKED BY: E:\KeilC51\C51\BIN\C51.EXE ..\Diver\ds1302.c OPTIMIZE(8,SPEED) BROWSE INCDIR(..\Diver) DEBUG OBJECT
                    -EXTEND PRINT(.\Listings\ds1302.lst) TABS(2) OBJECT(.\Objects\ds1302.obj)

line level    source

   1          /*  #   DS1302ä»£ç ç‰‡æ®µè¯´æ˜
   2            1.  æœ¬æ–‡ä»¶å¤¹ä¸­æä¾›çš„é©±åŠ¨ä»£ç ä¾›å‚èµ›é€‰æ‰‹å®Œæˆç¨‹åºè®¾è®¡å‚è€ƒã€‚
   3            2.  å‚èµ›é€‰æ‰‹å¯ä»¥è‡ªè¡Œç¼–å†™ç›¸å…³ä»£ç æˆ–ä»¥è¯¥ä»£ç ä¸ºåŸºç¡€ï¼Œæ ¹æ®æ‰€é€‰å•ç‰‡æœºç±»å‹ã€è¿
             -è¡Œé€Ÿåº¦å’Œè¯•é¢˜
   4              ä¸­å¯¹å•ç‰‡æœºæ—¶é’Ÿé¢‘ç‡çš„è¦æ±‚ï¼Œè¿›è¡Œä»£ç è°ƒè¯•å’Œä¿®æ”¹ã€‚
   5          */                
   6          #include <STC15F2K60S2.H>
   7          #include <intrins.h> //ä½¿_nop_();ä¸æŠ¥é”™
   8          #include "ds1302.h"
   9          
  10          sbit SCK = P1^7;
  11          sbit SDA = P2^3;
  12          sbit RST = P1^3;
  13          //å†™è¿›åœ°å€
  14          void Write_Ds1302(unsigned  char temp) 
  15          {
  16   1        unsigned char i;
  17   1        for (i=0;i<8;i++)       
  18   1        { 
  19   2          SCK = 0;
  20   2          SDA = temp&0x01;
  21   2          temp>>=1; 
  22   2          SCK=1;
  23   2        }
  24   1      }   
  25          
  26          //å†™è¿›åœ°å€address å’Œæ•°æ®dat 
  27          void Write_Ds1302_Byte( unsigned char address,unsigned char dat )     
  28          {
  29   1        RST=0;  _nop_();//_nop_();ç­‰å¾…ä¸€ä¼šå„¿
  30   1        SCK=0;  _nop_();
  31   1        RST=1;  _nop_();  
  32   1        Write_Ds1302(address);  //å†™å…¥åœ°å€
  33   1        Write_Ds1302(dat);    //å†™å…¥æ•°æ®
  34   1        RST=0; 
  35   1      }
  36          
  37          //è¯»åœ°å€(å…¥å£å‚æ•°:address) ç„¶åè¿”å›æ•°æ®temp
  38          unsigned char Read_Ds1302_Byte ( unsigned char address )
  39          {
  40   1        unsigned char i,temp=0x00;
  41   1        RST=0;  _nop_();
  42   1        SCK=0;  _nop_();
  43   1        RST=1;  _nop_();
  44   1        Write_Ds1302(address);
  45   1        for (i=0;i<8;i++)   
  46   1        {   
  47   2          //ä¸‹é™æ²¿ä¸ºè¯»æ•°æ®
  48   2          SCK=0;
  49   2          temp>>=1; 
  50   2          if(SDA)
  51   2          temp|=0x80; 
  52   2          SCK=1;
  53   2        } 
C51 COMPILER V9.54   DS1302                                                                05/10/2025 16:54:12 PAGE 2   

  54   1        RST=0;  _nop_();
  55   1        SCK=0;  _nop_();
  56   1        SCK=1;  _nop_();
  57   1        SDA=0;  _nop_();
  58   1        SDA=1;  _nop_();
  59   1        return (temp);      
  60   1      }
  61          
  62          //å°†æ—¶é—´å†™å…¥
  63          void Set_Rtc(unsigned char* ucRtc) //*æ˜¯ä¸€ä¸ªæŒ‡é’ˆ æŒ‡å‘çš„æ˜¯åå­—ä¸ºucRtcçš„æ•°ç»„
  64          {
  65   1        //WP = 0å¯„å­˜å™¨å¯ä»¥è¾“å…¥æ•°æ®
  66   1        Write_Ds1302_Byte(0X8E,0X00); //0X8E:æ˜¯WPçš„åœ°å€ 0X00:å°†WPç½®0
  67   1        
  68   1      //  unsigned char i;
  69   1      //  for(i=0;i<3;i++)
  70   1      //  {
  71   1      //    Write_Ds1302_Byte(0X84 - i*2,ucRtc[i]);
  72   1      //  }
  73   1        
  74   1        //å†™å°æ—¶
  75   1        Write_Ds1302_Byte(0X84,ucRtc[0]); //0X84:æ˜¯å†™å…¥å°æ—¶çš„åœ°å€ ucRtc[0]:æ•°ç»„ç¬¬0ä½ ä»£è¡¨å°æ—¶çš„å
             -€¼
  76   1        
  77   1        //å†™åˆ†é’Ÿ
  78   1        Write_Ds1302_Byte(0X82,ucRtc[1]); //0X82:æ˜¯å†™å…¥åˆ†é’Ÿçš„åœ°å€ ucRtc[1]:æ•°ç»„ç¬¬1ä½ ä»£è¡¨åˆ†é’Ÿçš„å
             -€¼
  79   1        
  80   1        //å†™ç§’
  81   1        Write_Ds1302_Byte(0X80,ucRtc[2]); //0X80:æ˜¯å†™å…¥ç§’çš„åœ°å€ ucRtc[2]:æ•°ç»„ç¬¬2ä½ ä»£è¡¨ç§’çš„å€¼
  82   1        
  83   1        //WP = 1å¯„å­˜å™¨ç¦æ­¢è¾“å…¥æ•°æ®
  84   1        Write_Ds1302_Byte(0X8E,0X80); //0X8E:æ˜¯WPçš„åœ°å€ 0X80:å°†WPç½®1
  85   1      }
  86          
  87          //å†™ä¸€ä¸ªè¯»å‡½æ•°
  88          void Read_Rtc(unsigned char * ucRtc)
  89          {
  90   1      //  unsigned char i;
  91   1      //  for(i=0;i<3;i++)
  92   1      //  {
  93   1      //    ucRtc[i] = Read_Ds1302_Byte (0X85 - i * 2);
  94   1      //  }
  95   1        
  96   1        //å°†è¯»å‡ºçš„å°æ—¶èµ‹ç»™æ•°ç»„ç¬¬é›¶ä½
  97   1        ucRtc[0] = Read_Ds1302_Byte (0X85); //0X85:æ˜¯è¯»å‡ºå°æ—¶çš„åœ°å€
  98   1        
  99   1        //å°†è¯»å‡ºçš„åˆ†é’Ÿèµ‹ç»™æ•°ç»„ç¬¬ä¸€ä½
 100   1        ucRtc[1] = Read_Ds1302_Byte (0X83); //0X83:æ˜¯è¯»å‡ºåˆ†é’Ÿçš„åœ°å€
 101   1        
 102   1        //å°†è¯»å‡ºçš„ç§’èµ‹ç»™æ•°ç»„ç¬¬äºŒä½
 103   1        ucRtc[2] = Read_Ds1302_Byte (0X81); //0X81:æ˜¯è¯»å‡ºç§’çš„åœ°å€
 104   1      }


MODULE INFORMATION:   STATIC OVERLAYABLE
   CODE SIZE        =    171    ----
   CONSTANT SIZE    =   ----    ----
   XDATA SIZE       =   ----    ----
   PDATA SIZE       =   ----    ----
   DATA SIZE        =   ----    ----
   IDATA SIZE       =   ----    ----
C51 COMPILER V9.54   DS1302                                                                05/10/2025 16:54:12 PAGE 3   

   BIT SIZE         =   ----    ----
END OF MODULE INFORMATION.


C51 COMPILATION COMPLETE.  0 WARNING(S),  0 ERROR(S)
