C51 COMPILER V9.54   IIC                                                                   05/10/2025 16:54:13 PAGE 1   


C51 COMPILER V9.54, COMPILATION OF MODULE IIC
OBJECT MODULE PLACED IN .\Objects\iic.obj
COMPILER INVOKED BY: E:\KeilC51\C51\BIN\C51.EXE ..\Diver\iic.c OPTIMIZE(8,SPEED) BROWSE INCDIR(..\Diver) DEBUG OBJECTEXT
                    -END PRINT(.\Listings\iic.lst) TABS(2) OBJECT(.\Objects\iic.obj)

line level    source

   1          /*  #   I2Cä»£ç ç‰‡æ®µè¯´æ˜
   2            1.  æœ¬æ–‡ä»¶å¤¹ä¸­æä¾›çš„é©±åŠ¨ä»£ç ä¾›å‚èµ›é€‰æ‰‹å®Œæˆç¨‹åºè®¾è®¡å‚è€ƒã€‚
   3            2.  å‚èµ›é€‰æ‰‹å¯ä»¥è‡ªè¡Œç¼–å†™ç›¸å…³ä»£ç æˆ–ä»¥è¯¥ä»£ç ä¸ºåŸºç¡€ï¼Œæ ¹æ®æ‰€é€‰å•ç‰‡æœºç±»å‹ã€è¿
             -è¡Œé€Ÿåº¦å’Œè¯•é¢˜
   4              ä¸­å¯¹å•ç‰‡æœºæ—¶é’Ÿé¢‘ç‡çš„è¦æ±‚ï¼Œè¿›è¡Œä»£ç è°ƒè¯•å’Œä¿®æ”¹ã€‚
   5          */
   6          #include "iic.h"
   7          #define DELAY_TIME  5
   8          
   9          sbit sda = P2^1;
  10          sbit scl = P2^0;
  11          //
  12          static void I2C_Delay(unsigned char n)
  13          {
  14   1          do
  15   1          {
  16   2          
  17   2          }
  18   1          while(n--);       
  19   1      }
  20          
  21          //
  22          void I2CStart()
  23          {
  24   1          sda = 1;
  25   1          scl = 1;
  26   1        I2C_Delay(DELAY_TIME);
  27   1          sda = 0;
  28   1        I2C_Delay(DELAY_TIME);
  29   1          scl = 0;    
  30   1      }
  31          
  32          //
  33          void I2CStop()
  34          {
  35   1          sda = 0;
  36   1          scl = 1;
  37   1        I2C_Delay(DELAY_TIME);
  38   1          sda = 1;
  39   1        I2C_Delay(DELAY_TIME);
  40   1      }
  41          
  42          //
  43          void I2CSendByte(unsigned char byt)
  44          {
  45   1          unsigned char i;
  46   1        
  47   1          for(i=0; i<8; i++){
  48   2              scl = 0;
  49   2          I2C_Delay(DELAY_TIME);
  50   2              if(byt & 0x80){
  51   3                  sda = 1;
  52   3              }
  53   2              else{
C51 COMPILER V9.54   IIC                                                                   05/10/2025 16:54:13 PAGE 2   

  54   3                  sda = 0;
  55   3              }
  56   2          I2C_Delay(DELAY_TIME);
  57   2              scl = 1;
  58   2              byt <<= 1;
  59   2          I2C_Delay(DELAY_TIME);
  60   2          }
  61   1        
  62   1          scl = 0;  
  63   1      }
  64          
  65          //
  66          unsigned char I2CReceiveByte()
  67          {
  68   1        unsigned char da;
  69   1        unsigned char i;
  70   1        for(i=0;i<8;i++){   
  71   2          scl = 1;
  72   2          I2C_Delay(DELAY_TIME);
  73   2          da <<= 1;
  74   2          if(sda) 
  75   2            da |= 0x01;
  76   2          scl = 0;
  77   2          I2C_Delay(DELAY_TIME);
  78   2        }
  79   1        return da;    
  80   1      }
  81          
  82          //
  83          unsigned char I2CWaitAck()
  84          {
  85   1        unsigned char ackbit;
  86   1        
  87   1          scl = 1;
  88   1        I2C_Delay(DELAY_TIME);
  89   1          ackbit = sda; 
  90   1          scl = 0;
  91   1        I2C_Delay(DELAY_TIME);
  92   1        
  93   1        return ackbit;
  94   1      }
  95          
  96          //
  97          void I2CSendAck(unsigned char ackbit)
  98          {
  99   1          scl = 0;
 100   1          sda = ackbit; 
 101   1        I2C_Delay(DELAY_TIME);
 102   1          scl = 1;
 103   1        I2C_Delay(DELAY_TIME);
 104   1          scl = 0; 
 105   1        sda = 1;
 106   1        I2C_Delay(DELAY_TIME);
 107   1      }
 108          
 109          //ADè½¬æ¢  è¯»å–AD
 110          unsigned char Ad_Read(unsigned char addr)
 111          {
 112   1        unsigned char temp;//æ¥æ”¶è¿”å›å€¼çš„å˜é‡
 113   1        I2CStart();//å‘é€I2Cå¯åŠ¨ä¿¡å·
 114   1        I2CSendByte(0X90);//å‘é€0X90 å‘Šè¯‰å•ç‰‡æœºæˆ‘å¼€å§‹å†™æ•°æ®äº† å‘é€è®¾å¤‡åœ°å€0x90ï¼ˆè¡¨ç¤ºå†™æ¨¡
             -å¼ï¼‰
C51 COMPILER V9.54   IIC                                                                   05/10/2025 16:54:13 PAGE 3   

 115   1        I2CWaitAck();//ç­‰å¾…åº”ç­”
 116   1        I2CSendByte(addr);//å‘é€åœ°å€ å‘é€addråœ°å€ï¼ŒæŒ‡å®šè¦è¯»å–çš„é€šé“æˆ–å¯„å­˜å™¨ã€‚
 117   1        I2CWaitAck();//ç­‰å¾…åº”ç­”
 118   1        
 119   1        I2CStart();//å†æ¬¡å‘é€I2Cå¯åŠ¨ä¿¡å·
 120   1        I2CSendByte(0X91);//å‘é€0X91 å‘é€è®¾å¤‡åœ°å€0x91ï¼ˆè¡¨ç¤ºè¯»æ¨¡å¼ï¼‰
 121   1        I2CWaitAck();//ç­‰å¾…åº”ç­”
 122   1        temp = I2CReceiveByte();//è¯»å–å€¼ è¯»å–ADè½¬æ¢å™¨çš„å€¼
 123   1        
 124   1        I2CSendByte(1);//å‘é€éåº”ç­”ä¿¡å· å‘é€éåº”ç­”ä¿¡å·å¹¶åœæ­¢I2Cé€šä¿¡
 125   1        I2CStop();//åœæ­¢
 126   1        
 127   1        return temp; //è¿”å›è¯»å–çš„å€¼
 128   1        
 129   1      }
 130          
 131          void Da_Write(unsigned char dat)
 132          {
 133   1        I2CStart();//å¯åŠ¨å•æ€»çº¿ å‘é€I2Cå¯åŠ¨ä¿¡å·
 134   1        I2CSendByte(0X90);//å‘é€0X90 å‘Šè¯‰å•ç‰‡æœºæˆ‘å¼€å§‹å†™æ•°æ®äº† å‘é€è®¾å¤‡åœ°å€0x90ï¼ˆè¡¨ç¤ºå†™æ¨¡
             -å¼ï¼‰
 135   1        I2CWaitAck();//ç­‰å¾…åº”ç­” 
 136   1        
 137   1        I2CSendByte(0X41);//ä½¿èƒ½DACè½¬æ¢ å‘é€å‘½ä»¤å­—0x41ï¼ˆç”¨äºä½¿èƒ½DACè½¬æ¢ï¼‰
 138   1        I2CWaitAck();//ç­‰å¾…åº”ç­” 
 139   1        I2CSendByte(dat);//å†™ å‘é€datæ•°æ®ï¼ŒæŒ‡å®šDAè½¬æ¢å™¨çš„è¾“å‡ºå€¼
 140   1        I2CWaitAck();//ç­‰å¾…åº”ç­” 
 141   1        I2CStop();//åœæ­¢ åœæ­¢I2Cé€šä¿¡
 142   1        
 143   1      }
 144          
 145          //å‡½æ•°åï¼šå†™EEPROMå‡½æ•°
 146          //å…¥å£å‚æ•°ï¼šéœ€è¦å†™å…¥çš„å­—ç¬¦ä¸²ï¼Œå†™å…¥çš„åœ°å€(åŠ¡å¿…ä¸º8çš„å€æ•°)ï¼Œå†™å…¥æ•°é‡
 147          //è¿”å›å€¼ï¼šæ— 
 148          //å‡½æ•°åŠŸèƒ½ï¼šå‘EERPOMçš„æŸä¸ªåœ°å€å†™å…¥å­—ç¬¦ä¸²ä¸­ç‰¹å®šæ•°é‡çš„å­—ç¬¦ã€‚
 149          void EEPROM_Write(unsigned char* EEPROM_String, unsigned char addr, unsigned char num)
 150          {
 151   1        I2CStart();//å‘é€å¼€å¯ä¿¡å·
 152   1        I2CSendByte(0XA0);//é€‰æ‹©EEPROMèŠ¯ç‰‡ï¼Œç¡®å®šå†™çš„æ¨¡å¼
 153   1        I2CWaitAck();//ç­‰å¾…EEPROMåé¦ˆ
 154   1        
 155   1        I2CSendByte(addr);//å†™å…¥è¦å­˜å‚¨çš„æ•°æ®åœ°å€
 156   1        I2CWaitAck();//ç­‰å¾…EEPROMåé¦ˆ   
 157   1      
 158   1        while(num--)
 159   1        {
 160   2          I2CSendByte(*EEPROM_String++);//å°†è¦å†™å…¥çš„ä¿¡æ¯å†™å…¥
 161   2          I2CWaitAck();//ç­‰å¾…EEPROMåé¦ˆ   
 162   2          I2C_Delay(200); 
 163   2        }
 164   1        I2CStop();//åœæ­¢å‘é€  
 165   1      }
 166          
 167          
 168          //å‡½æ•°åï¼šè¯»EEPROMå‡½æ•°
 169          //å…¥å£å‚æ•°ï¼šè¯»åˆ°çš„æ•°æ®éœ€è¦å­˜å‚¨çš„å­—ç¬¦ä¸²ï¼Œè¯»å–çš„åœ°å€(åŠ¡å¿…ä¸º8çš„å€æ•°)ï¼Œè¯»å–çš
             -„æ•°é‡
 170          //è¿”å›å€¼ï¼šæ— 
 171          //å‡½æ•°åŠŸèƒ½ï¼šè¯»å–EERPOMçš„æŸä¸ªåœ°å€ä¸­çš„æ•°æ®ï¼Œå¹¶å­˜æ”¾åœ¨å­—ç¬¦ä¸²æ•°ç»„ä¸­ã€‚
 172          void EEPROM_Read(unsigned char* EEPROM_String, unsigned char addr, unsigned char num)
 173          {
 174   1        I2CStart();//å‘é€å¼€å¯ä¿¡å· 
C51 COMPILER V9.54   IIC                                                                   05/10/2025 16:54:13 PAGE 4   

 175   1        I2CSendByte(0XA0);//é€‰æ‹©EEPROMèŠ¯ç‰‡ï¼Œç¡®å®šå†™çš„æ¨¡å¼
 176   1        I2CWaitAck();//ç­‰å¾…EEPROMåé¦ˆ
 177   1        
 178   1        I2CSendByte(addr);//å†™å…¥è¦è¯»å–çš„æ•°æ®åœ°å€
 179   1        I2CWaitAck();//ç­‰å¾…EEPROMåé¦ˆ   
 180   1      
 181   1        I2CStart();//å‘é€å¼€å¯ä¿¡å·
 182   1        I2CSendByte(0XA1);//é€‰æ‹©EEPROMèŠ¯ç‰‡ï¼Œç¡®å®šè¯»çš„æ¨¡å¼
 183   1        I2CWaitAck();//ç­‰å¾…EEPROMåé¦ˆ 
 184   1        
 185   1        while(num--)
 186   1        {
 187   2          *EEPROM_String++ = I2CReceiveByte();//å°†è¦å†™å…¥çš„ä¿¡æ¯å†™å…¥
 188   2          if(num) I2CSendAck(0);//å‘é€åº”ç­”
 189   2            else I2CSendAck(1);//ä¸åº”ç­”
 190   2        }
 191   1        
 192   1        I2CStop();//åœæ­¢å‘é€  
 193   1      }
 194          
 195          


MODULE INFORMATION:   STATIC OVERLAYABLE
   CODE SIZE        =    345    ----
   CONSTANT SIZE    =   ----    ----
   XDATA SIZE       =   ----    ----
   PDATA SIZE       =   ----    ----
   DATA SIZE        =   ----      10
   IDATA SIZE       =   ----    ----
   BIT SIZE         =   ----    ----
END OF MODULE INFORMATION.


C51 COMPILATION COMPLETE.  0 WARNING(S),  0 ERROR(S)
