C51 COMPILER V9.54   INIT                                                                  05/10/2025 16:54:12 PAGE 1   


C51 COMPILER V9.54, COMPILATION OF MODULE INIT
OBJECT MODULE PLACED IN .\Objects\Init.obj
COMPILER INVOKED BY: E:\KeilC51\C51\BIN\C51.EXE ..\Diver\Init.c OPTIMIZE(8,SPEED) BROWSE INCDIR(..\Diver) DEBUG OBJECTEX
                    -TEND PRINT(.\Listings\Init.lst) TABS(2) OBJECT(.\Objects\Init.obj)

line level    source

   1          #include <Init.H>
   2          
   3          //关闭LED 继电器 蜂鸣器
   4          void System_Init()
   5          {
   6   1        P2 = (P2 & 0X1F) | 0X80; 
   7   1        P0 = 0XFF;
   8   1        //译码器导入数据之后变为原样
   9   1        P2 = P2 & 0X1F;
  10   1        
  11   1        P2 = (P2 & 0X1F) | 0XA0; 
  12   1        P0 = 0X00;
  13   1        P2 = P2 & 0X1F;
  14   1      }
  15          


MODULE INFORMATION:   STATIC OVERLAYABLE
   CODE SIZE        =     29    ----
   CONSTANT SIZE    =   ----    ----
   XDATA SIZE       =   ----    ----
   PDATA SIZE       =   ----    ----
   DATA SIZE        =   ----    ----
   IDATA SIZE       =   ----    ----
   BIT SIZE         =   ----    ----
END OF MODULE INFORMATION.


C51 COMPILATION COMPLETE.  0 WARNING(S),  0 ERROR(S)
