C51 COMPILER V9.54   SEG                                                                   04/12/2025 11:38:21 PAGE 1   


C51 COMPILER V9.54, COMPILATION OF MODULE SEG
OBJECT MODULE PLACED IN .\Objects\Seg.obj
COMPILER INVOKED BY: D:\Software\keil5ARM\C51\BIN\C51.EXE ..\Diver\Seg.c OPTIMIZE(8,SPEED) BROWSE INCDIR(..\Diver) DEBUG
                    - OBJECTEXTEND PRINT(.\Listings\Seg.lst) TABS(2) OBJECT(.\Objects\Seg.obj)

line level    source

   1          #include <Seg.h>
   2          
   3                                      // 0   1   2     3    4    5    6    7   8    9   10A  11B   12C 13D   14E  15
             -F  16-  17Ãð 18P
   4          unsigned char seg_dula[] = {0XC0,0XF9,0XA4,0XB0,0X99,0X92,0X82,0XF8,0X80,0X90,0X88,0X83,0XC6,0XA1,0X86,0X8
             -E,0XBF,0XFF,0X8C};
   5          unsigned char seg_wela[] = {0x01,0x02,0x04,0x08,0x10,0x20,0x40,0x80};
   6          
   7          void Seg_Disp(unsigned char wela, unsigned char dula, unsigned char point)
   8          {
   9   1        //ÏûÓ°
  10   1        P0 = 0xff;
  11   1        P2 = P2 & 0x1f | 0xe0;
  12   1        P2 &= 0x1f;
  13   1      
  14   1        P0 = seg_wela[wela];
  15   1        P2 = P2 & 0x1f | 0xc0;
  16   1        P2 &= 0x1f;
  17   1        
  18   1        P0 = seg_dula[dula];
  19   1        if(point)
  20   1          P0 &= 0x7f;
  21   1        P2 = P2 & 0x1f | 0xe0;
  22   1        P2 &= 0x1f; 
  23   1      }


MODULE INFORMATION:   STATIC OVERLAYABLE
   CODE SIZE        =     57    ----
   CONSTANT SIZE    =   ----    ----
   XDATA SIZE       =   ----    ----
   PDATA SIZE       =   ----    ----
   DATA SIZE        =     27    ----
   IDATA SIZE       =   ----    ----
   BIT SIZE         =   ----    ----
END OF MODULE INFORMATION.


C51 COMPILATION COMPLETE.  0 WARNING(S),  0 ERROR(S)
